AlexaBusinessAssistant-master/AndroidAlexaSkillProject/app/build/intermediates/manifest_merge_blame_file/debug/manifest-merger-blame-debug-report.txt
1<?xml version="1.0" encoding="utf-8"?>
2<manifest xmlns:android="http://schemas.android.com/apk/res/android"
3    package="com.example.androidalexaskillproject"
4    android:versionCode="1"
5    android:versionName="1.0" >
6
7    <uses-sdk
8        android:minSdkVersion="15"
8-->src\main\AndroidManifest.xml
9        android:targetSdkVersion="29" />
9-->src\main\AndroidManifest.xml
10
11    <uses-permission android:name="android.permission.INTERNET" />
11-->src\main\AndroidManifest.xml:4:5-67
11-->src\main\AndroidManifest.xml:4:22-64
12
13    <application
13-->src\main\AndroidManifest.xml:6:5-51:19
14        android:allowBackup="true"
14-->src\main\AndroidManifest.xml:7:9-35
15        android:appComponentFactory="androidx.core.app.CoreComponentFactory"
15-->[androidx.core:core:1.0.1] AndroidManifest.xml:22:18-86
16        android:debuggable="true"
17        android:icon="@mipmap/ic_launcher"
17-->src\main\AndroidManifest.xml:9:9-43
18        android:label="@string/app_name"
18-->src\main\AndroidManifest.xml:10:9-41
19        android:roundIcon="@mipmap/ic_launcher_round"
19-->src\main\AndroidManifest.xml:11:9-54
20        android:supportsRtl="true"
20-->src\main\AndroidManifest.xml:12:9-35
21        android:testOnly="true"
22        android:theme="@style/AppTheme" >
22-->src\main\AndroidManifest.xml:13:9-40
23        <activity android:name="com.example.androidalexaskillproject.HomeScreenReturnFragment" >
23-->src\main\AndroidManifest.xml:14:9-19:20
23-->src\main\AndroidManifest.xml:14:19-59
24            <intent-filter>
24-->src\main\AndroidManifest.xml:15:13-18:29
25                <action android:name="android.intent.action.MAIN" />
25-->src\main\AndroidManifest.xml:16:17-69
25-->src\main\AndroidManifest.xml:16:25-66
26
27                <category android:name="android.intent.category.LAUNCHER" />
27-->src\main\AndroidManifest.xml:17:17-77
27-->src\main\AndroidManifest.xml:17:27-74
28            </intent-filter>
29        </activity>
30        <activity android:name="com.example.androidalexaskillproject.MainActivity" >
30-->src\main\AndroidManifest.xml:20:9-21:20
30-->src\main\AndroidManifest.xml:20:19-47
31        </activity>
32        <activity android:name="com.example.androidalexaskillproject.MainListActivity" >
32-->src\main\AndroidManifest.xml:22:9-23:20
32-->src\main\AndroidManifest.xml:22:19-51
33        </activity>
34        <activity android:name="com.example.androidalexaskillproject.ProfitReturnAddFragment" >
34-->src\main\AndroidManifest.xml:24:9-25:20
34-->src\main\AndroidManifest.xml:24:19-58
35        </activity>
36        <activity android:name="com.example.androidalexaskillproject.ProfitReturnEditFragment" >
36-->src\main\AndroidManifest.xml:27:9-28:20
36-->src\main\AndroidManifest.xml:27:19-59
37        </activity>
38        <activity android:name="com.example.androidalexaskillproject.PieChartReturnFragment" >
38-->src\main\AndroidManifest.xml:30:9-31:20
38-->src\main\AndroidManifest.xml:30:19-57
39        </activity>
40        <activity android:name="com.example.androidalexaskillproject.BarChartReturnFragment" >
40-->src\main\AndroidManifest.xml:33:9-34:20
40-->src\main\AndroidManifest.xml:33:19-57
41        </activity>
42        <activity android:name="com.example.androidalexaskillproject.ProfitsAddFragments" >
42-->src\main\AndroidManifest.xml:36:9-37:20
42-->src\main\AndroidManifest.xml:36:19-54
43        </activity>
44        <activity android:name="com.example.androidalexaskillproject.MainListGrossProfitActivity" >
44-->src\main\AndroidManifest.xml:39:9-40:20
44-->src\main\AndroidManifest.xml:39:19-62
45        </activity>
46        <activity android:name="com.example.androidalexaskillproject.LineChartReturnFragment" >
46-->src\main\AndroidManifest.xml:42:9-43:20
46-->src\main\AndroidManifest.xml:42:19-58
47        </activity>
48        <activity android:name="com.example.androidalexaskillproject.ScatterPlotReturnFragment" >
48-->src\main\AndroidManifest.xml:45:9-46:20
48-->src\main\AndroidManifest.xml:45:19-60
49        </activity>
50        <activity android:name="com.example.androidalexaskillproject.LoginScreenReturnFragment" >
50-->src\main\AndroidManifest.xml:48:9-49:20
50-->src\main\AndroidManifest.xml:48:19-60
51        </activity>
52    </application>
53
54</manifest>